<?xml version="1.0" encoding="UTF-8"?>
<!-- Generated by org.testng.reporters.JUnitXMLReporter -->
<testsuite ignored="0" hostname="Lisandros-MacBook-Pro.local" failures="0" tests="3" name="Default test" time="5.122" errors="0" timestamp="2022-01-21T16:40:28 CST">
  <testcase classname="tests.DynamicJson" name="addBook" time="3.527"/>
  <testcase classname="tests.DynamicJson" name="addBook" time="0.778"/>
  <testcase classname="tests.DynamicJson" name="addBook" time="0.745"/>
</testsuite> <!-- Default test -->
