<?xml version="1.0" encoding="UTF-8"?>
<!-- Generated by org.testng.reporters.JUnitXMLReporter -->
<testsuite ignored="0" hostname="Lisandros-MacBook-Pro.local" failures="0" tests="3" name="Default test" time="13.176" errors="0" timestamp="13 Jan 2022 20:52:19 GMT">
  <testcase classname="tests.BasicTest" name="firstTest" time="5.056"/>
  <testcase classname="tests.BasicTest" name="getPlace" time="3.821"/>
  <testcase classname="tests.BasicTest" name="updateTest" time="4.271"/>
</testsuite> <!-- Default test -->
