<?xml version="1.0" encoding="UTF-8"?>
<testng-results ignored="0" total="1" passed="1" failed="0" skipped="0">
  <reporter-output>
  </reporter-output>
  <suite started-at="2022-02-02T17:14:03 CST" name="Default suite" finished-at="2022-02-02T17:14:17 CST" duration-ms="14355">
    <groups>
    </groups>
    <test started-at="2022-02-02T17:14:03 CST" name="Default test" finished-at="2022-02-02T17:14:17 CST" duration-ms="14355">
      <class name="tests.BasicTest">
        <test-method is-config="true" signature="postTest()[pri:0, instance:tests.BasicTest@3d5c822d]" started-at="2022-02-02T17:14:03 CST" name="postTest" finished-at="2022-02-02T17:14:09 CST" duration-ms="5700" status="PASS">
          <reporter-output>
          </reporter-output>
        </test-method> <!-- postTest -->
        <test-method signature="updateTest()[pri:0, instance:tests.BasicTest@3d5c822d]" started-at="2022-02-02T17:14:09 CST" name="updateTest" finished-at="2022-02-02T17:14:13 CST" duration-ms="4592" status="PASS">
          <reporter-output>
          </reporter-output>
        </test-method> <!-- updateTest -->
        <test-method is-config="true" signature="getTest()[pri:0, instance:tests.BasicTest@3d5c822d]" started-at="2022-02-02T17:14:13 CST" name="getTest" finished-at="2022-02-02T17:14:17 CST" duration-ms="4022" status="PASS">
          <reporter-output>
          </reporter-output>
        </test-method> <!-- getTest -->
      </class> <!-- tests.BasicTest -->
    </test> <!-- Default test -->
  </suite> <!-- Default suite -->
</testng-results>
